#
# There is insufficient memory for the Java Runtime Environment to continue.
# Native memory allocation (malloc) failed to allocate 32744 bytes for ChunkPool::allocate
# Possible reasons:
#   The system is out of physical RAM or swap space
#   In 32 bit mode, the process size limit was hit
# Possible solutions:
#   Reduce memory load on the system
#   Increase physical memory or swap space
#   Check if swap backing store is full
#   Use 64 bit Java on a 64 bit OS
#   Decrease Java heap size (-Xmx/-Xms)
#   Decrease number of Java threads
#   Decrease Java thread stack sizes (-Xss)
#   Set larger code cache with -XX:ReservedCodeCacheSize=
# This output file may be truncated or incomplete.
#
#  Out of Memory Error (allocation.cpp:273), pid=14060, tid=0x00000000000041a8
#
# JRE version: Java(TM) SE Runtime Environment (8.0_121-b13) (build 1.8.0_121-b13)
# Java VM: Java HotSpot(TM) 64-Bit Server VM (25.121-b13 mixed mode windows-amd64 compressed oops)
# Failed to write core dump. Minidumps are not enabled by default on client versions of Windows
#

---------------  T H R E A D  ---------------

Current thread (0x0000000017480000):  JavaThread "C1 CompilerThread2" daemon [_thread_in_native, id=16808, stack(0x0000000017990000,0x0000000017a90000)]

Stack: [0x0000000017990000,0x0000000017a90000]
[error occurred during error reporting (printing stack bounds), id 0xc0000005]

Native frames: (J=compiled Java code, j=interpreted, Vv=VM code, C=native code)


Current CompileTask:
C1:   7745 3355       1      
[error occurred during error reporting (printing current compile task), id 0xe0000001]


---------------  P R O C E S S  ---------------

Java Threads: ( => current thread )
  0x000000001a072000 JavaThread "Thread-16" daemon [_thread_in_native, id=13972, stack(0x000000001bb30000,0x000000001bc30000)]
  0x000000001a06e800 JavaThread "Thread-15" daemon [_thread_blocked, id=6956, stack(0x000000001ba30000,0x000000001bb30000)]
  0x000000001a06c000 JavaThread "xxl-job, executor TriggerCallbackThread" daemon [_thread_blocked, id=9860, stack(0x000000001b930000,0x000000001ba30000)]
  0x000000001a06d800 JavaThread "container-0" [_thread_blocked, id=16428, stack(0x000000001b630000,0x000000001b730000)]
  0x000000001a071800 JavaThread "Catalina-utility-2" [_thread_blocked, id=3476, stack(0x000000001b530000,0x000000001b630000)]
  0x000000001a06b800 JavaThread "Catalina-utility-1" [_thread_blocked, id=8992, stack(0x000000001b430000,0x000000001b530000)]
  0x0000000017338000 JavaThread "restartedMain" [_thread_in_vm, id=2140, stack(0x0000000018e60000,0x0000000018f60000)]
  0x000000001731f000 JavaThread "Thread-2" [_thread_blocked, id=14820, stack(0x0000000018d60000,0x0000000018e60000)]
  0x0000000017d5e000 JavaThread "RMI TCP Connection(2)-10.198.1.9" daemon [_thread_in_native, id=15216, stack(0x00000000189b0000,0x0000000018ab0000)]
  0x0000000017d6a800 JavaThread "RMI Scheduler(0)" daemon [_thread_blocked, id=1264, stack(0x00000000188b0000,0x00000000189b0000)]
  0x0000000017d03800 JavaThread "RMI TCP Accept-0" daemon [_thread_in_native, id=5320, stack(0x00000000186b0000,0x00000000187b0000)]
  0x0000000017d02800 JavaThread "RMI TCP Connection(1)-127.0.0.1" daemon [_thread_in_native, id=9956, stack(0x00000000185b0000,0x00000000186b0000)]
  0x0000000017cf2000 JavaThread "RMI TCP Accept-56790" daemon [_thread_in_native, id=7444, stack(0x00000000184b0000,0x00000000185b0000)]
  0x0000000017ceb000 JavaThread "RMI TCP Accept-0" daemon [_thread_in_native, id=5756, stack(0x00000000183b0000,0x00000000184b0000)]
  0x000000001748c000 JavaThread "Service Thread" daemon [_thread_blocked, id=16120, stack(0x0000000018290000,0x0000000018390000)]
=>0x0000000017480000 JavaThread "C1 CompilerThread2" daemon [_thread_in_native, id=16808, stack(0x0000000017990000,0x0000000017a90000)]
  0x0000000017429000 JavaThread "C2 CompilerThread1" daemon [_thread_blocked, id=6904, stack(0x0000000017890000,0x0000000017990000)]
  0x0000000017426800 JavaThread "C2 CompilerThread0" daemon [_thread_blocked, id=11532, stack(0x0000000017790000,0x0000000017890000)]
  0x0000000017415800 JavaThread "Monitor Ctrl-Break" daemon [_thread_in_native, id=14344, stack(0x0000000017690000,0x0000000017790000)]
  0x00000000170d3800 JavaThread "Attach Listener" daemon [_thread_blocked, id=11688, stack(0x0000000017590000,0x0000000017690000)]
  0x0000000015cf4800 JavaThread "Signal Dispatcher" daemon [_thread_blocked, id=13852, stack(0x0000000017490000,0x0000000017590000)]
  0x0000000015ccc800 JavaThread "Finalizer" daemon [_thread_blocked, id=16164, stack(0x0000000016f30000,0x0000000017030000)]
  0x0000000003756000 JavaThread "Reference Handler" daemon [_thread_blocked, id=16756, stack(0x0000000016e30000,0x0000000016f30000)]
  0x0000000003666000 JavaThread "main" [_thread_blocked, id=13356, stack(0x0000000003460000,0x0000000003560000)]

Other Threads:
  0x0000000015ca7000 VMThread [stack: 0x0000000016d30000,0x0000000016e30000] [id=15232]
  0x0000000017d06800 WatcherThread [stack: 0x00000000187b0000,0x00000000188b0000] [id=3380]

VM state:not at safepoint (normal execution)

VM Mutex/Monitor currently owned by a thread: None

Heap:
 PSYoungGen      total 175616K, used 60160K [0x00000000eb600000, 0x00000000f7700000, 0x0000000100000000)
  eden space 165376K, 36% used [0x00000000eb600000,0x00000000ef0c03a0,0x00000000f5780000)
  from space 10240K, 0% used [0x00000000f6180000,0x00000000f6180000,0x00000000f6b80000)
  to   space 10240K, 0% used [0x00000000f5780000,0x00000000f5780000,0x00000000f6180000)
 ParOldGen       total 30720K, used 13491K [0x00000000c2200000, 0x00000000c4000000, 0x00000000eb600000)
  object space 30720K, 43% used [0x00000000c2200000,0x00000000c2f2cc90,0x00000000c4000000)
 Metaspace       used 37746K, capacity 39886K, committed 40064K, reserved 1083392K
  class space    used 5042K, capacity 5445K, committed 5504K, reserved 1048576K

Card table byte_map: [0x0000000012b20000,0x0000000012d10000] byte_map_base: 0x000000001250f000

Marking Bits: (ParMarkBitMap*) 0x000000006ba9b6d0
 Begin Bits: [0x0000000013260000, 0x00000000141d8000)
 End Bits:   [0x00000000141d8000, 0x0000000015150000)

Polling page: 0x0000000002e50000

CodeCache: size=245760Kb used=6558Kb max_used=6558Kb free=239201Kb
 bounds [0x0000000003760000, 0x0000000003dd0000, 0x0000000012760000]
 total_blobs=3824 nmethods=3354 adapters=381
 compilation: enabled

Compilation events (10 events):
Event: 7.716 Thread 0x0000000017480000 nmethod 3349 0x0000000003dc6610 code [0x0000000003dc6780, 0x0000000003dc6a10]
Event: 7.716 Thread 0x0000000017480000 3351       1       org.springframework.core.LocalVariableTableParameterNameDiscoverer$LocalVariableTableVisitor::visitLocalVariable (45 bytes)
Event: 7.716 Thread 0x0000000017480000 nmethod 3351 0x0000000003dc6bd0 code [0x0000000003dc6d40, 0x0000000003dc6f30]
Event: 7.716 Thread 0x0000000017480000 3352       1       org.springframework.asm.MethodVisitor::visitTypeInsn (17 bytes)
Event: 7.716 Thread 0x0000000017480000 nmethod 3352 0x0000000003dc70d0 code [0x0000000003dc7220, 0x0000000003dc7368]
Event: 7.716 Thread 0x0000000017480000 3353       1       org.springframework.asm.MethodVisitor::visitFieldInsn (20 bytes)
Event: 7.716 Thread 0x0000000017480000 nmethod 3353 0x0000000003dc73d0 code [0x0000000003dc7520, 0x0000000003dc7668]
Event: 7.720 Thread 0x0000000017480000 3354       1       sun.reflect.generics.reflectiveObjects.WildcardTypeImpl::hashCode (20 bytes)
Event: 7.720 Thread 0x0000000017480000 nmethod 3354 0x0000000003dc7710 code [0x0000000003dc78a0, 0x0000000003dc7a38]
Event: 7.732 Thread 0x0000000017480000 3355       1       org.springframework.asm.ClassReader::readCode (5085 bytes)

GC Heap History (10 events):
Event: 4.396 GC heap before
{Heap before GC invocations=8 (full 1):
 PSYoungGen      total 69632K, used 3568K [0x00000000eb600000, 0x00000000f3d00000, 0x0000000100000000)
  eden space 61952K, 0% used [0x00000000eb600000,0x00000000eb600000,0x00000000ef280000)
  from space 7680K, 46% used [0x00000000ef280000,0x00000000ef5fc278,0x00000000efa00000)
  to   space 7168K, 0% used [0x00000000f3600000,0x00000000f3600000,0x00000000f3d00000)
 ParOldGen       total 42496K, used 10114K [0x00000000c2200000, 0x00000000c4b80000, 0x00000000eb600000)
  object space 42496K, 23% used [0x00000000c2200000,0x00000000c2be0990,0x00000000c4b80000)
 Metaspace       used 20588K, capacity 21240K, committed 21296K, reserved 1067008K
  class space    used 2741K, capacity 2911K, committed 2944K, reserved 1048576K
Event: 4.464 GC heap after
Heap after GC invocations=8 (full 1):
 PSYoungGen      total 69632K, used 0K [0x00000000eb600000, 0x00000000f3d00000, 0x0000000100000000)
  eden space 61952K, 0% used [0x00000000eb600000,0x00000000eb600000,0x00000000ef280000)
  from space 7680K, 0% used [0x00000000ef280000,0x00000000ef280000,0x00000000efa00000)
  to   space 7168K, 0% used [0x00000000f3600000,0x00000000f3600000,0x00000000f3d00000)
 ParOldGen       total 30720K, used 8967K [0x00000000c2200000, 0x00000000c4000000, 0x00000000eb600000)
  object space 30720K, 29% used [0x00000000c2200000,0x00000000c2ac1ce8,0x00000000c4000000)
 Metaspace       used 20588K, capacity 21240K, committed 21296K, reserved 1067008K
  class space    used 2741K, capacity 2911K, committed 2944K, reserved 1048576K
}
Event: 5.579 GC heap before
{Heap before GC invocations=9 (full 1):
 PSYoungGen      total 69632K, used 61952K [0x00000000eb600000, 0x00000000f3d00000, 0x0000000100000000)
  eden space 61952K, 100% used [0x00000000eb600000,0x00000000ef280000,0x00000000ef280000)
  from space 7680K, 0% used [0x00000000ef280000,0x00000000ef280000,0x00000000efa00000)
  to   space 7168K, 0% used [0x00000000f3600000,0x00000000f3600000,0x00000000f3d00000)
 ParOldGen       total 30720K, used 8967K [0x00000000c2200000, 0x00000000c4000000, 0x00000000eb600000)
  object space 30720K, 29% used [0x00000000c2200000,0x00000000c2ac1ce8,0x00000000c4000000)
 Metaspace       used 24254K, capacity 25142K, committed 25216K, reserved 1071104K
  class space    used 3215K, capacity 3439K, committed 3456K, reserved 1048576K
Event: 5.587 GC heap after
Heap after GC invocations=9 (full 1):
 PSYoungGen      total 118272K, used 5586K [0x00000000eb600000, 0x00000000f3b80000, 0x0000000100000000)
  eden space 112640K, 0% used [0x00000000eb600000,0x00000000eb600000,0x00000000f2400000)
  from space 5632K, 99% used [0x00000000f3600000,0x00000000f3b74af8,0x00000000f3b80000)
  to   space 7680K, 0% used [0x00000000f2c80000,0x00000000f2c80000,0x00000000f3400000)
 ParOldGen       total 30720K, used 8975K [0x00000000c2200000, 0x00000000c4000000, 0x00000000eb600000)
  object space 30720K, 29% used [0x00000000c2200000,0x00000000c2ac3ce8,0x00000000c4000000)
 Metaspace       used 24254K, capacity 25142K, committed 25216K, reserved 1071104K
  class space    used 3215K, capacity 3439K, committed 3456K, reserved 1048576K
}
Event: 6.842 GC heap before
{Heap before GC invocations=10 (full 1):
 PSYoungGen      total 118272K, used 118226K [0x00000000eb600000, 0x00000000f3b80000, 0x0000000100000000)
  eden space 112640K, 100% used [0x00000000eb600000,0x00000000f2400000,0x00000000f2400000)
  from space 5632K, 99% used [0x00000000f3600000,0x00000000f3b74af8,0x00000000f3b80000)
  to   space 7680K, 0% used [0x00000000f2c80000,0x00000000f2c80000,0x00000000f3400000)
 ParOldGen       total 30720K, used 8975K [0x00000000c2200000, 0x00000000c4000000, 0x00000000eb600000)
  object space 30720K, 29% used [0x00000000c2200000,0x00000000c2ac3ce8,0x00000000c4000000)
 Metaspace       used 31632K, capacity 33248K, committed 33536K, reserved 1079296K
  class space    used 4182K, capacity 4491K, committed 4608K, reserved 1048576K
Event: 6.857 GC heap after
Heap after GC invocations=10 (full 1):
 PSYoungGen      total 129024K, used 7679K [0x00000000eb600000, 0x00000000f6b80000, 0x0000000100000000)
  eden space 121344K, 0% used [0x00000000eb600000,0x00000000eb600000,0x00000000f2c80000)
  from space 7680K, 99% used [0x00000000f2c80000,0x00000000f33ffc28,0x00000000f3400000)
  to   space 10240K, 0% used [0x00000000f6180000,0x00000000f6180000,0x00000000f6b80000)
 ParOldGen       total 30720K, used 13641K [0x00000000c2200000, 0x00000000c4000000, 0x00000000eb600000)
  object space 30720K, 44% used [0x00000000c2200000,0x00000000c2f52598,0x00000000c4000000)
 Metaspace       used 31632K, capacity 33248K, committed 33536K, reserved 1079296K
  class space    used 4182K, capacity 4491K, committed 4608K, reserved 1048576K
}
Event: 7.097 GC heap before
{Heap before GC invocations=11 (full 1):
 PSYoungGen      total 129024K, used 29028K [0x00000000eb600000, 0x00000000f6b80000, 0x0000000100000000)
  eden space 121344K, 17% used [0x00000000eb600000,0x00000000ecad9678,0x00000000f2c80000)
  from space 7680K, 99% used [0x00000000f2c80000,0x00000000f33ffc28,0x00000000f3400000)
  to   space 10240K, 0% used [0x00000000f6180000,0x00000000f6180000,0x00000000f6b80000)
 ParOldGen       total 30720K, used 13641K [0x00000000c2200000, 0x00000000c4000000, 0x00000000eb600000)
  object space 30720K, 44% used [0x00000000c2200000,0x00000000c2f52598,0x00000000c4000000)
 Metaspace       used 33670K, capacity 35390K, committed 35496K, reserved 1079296K
  class space    used 4466K, capacity 4820K, committed 4864K, reserved 1048576K
Event: 7.106 GC heap after
Heap after GC invocations=11 (full 1):
 PSYoungGen      total 175616K, used 6324K [0x00000000eb600000, 0x00000000f7700000, 0x0000000100000000)
  eden space 165376K, 0% used [0x00000000eb600000,0x00000000eb600000,0x00000000f5780000)
  from space 10240K, 61% used [0x00000000f6180000,0x00000000f67ad218,0x00000000f6b80000)
  to   space 10240K, 0% used [0x00000000f5780000,0x00000000f5780000,0x00000000f6180000)
 ParOldGen       total 30720K, used 15537K [0x00000000c2200000, 0x00000000c4000000, 0x00000000eb600000)
  object space 30720K, 50% used [0x00000000c2200000,0x00000000c312c5a8,0x00000000c4000000)
 Metaspace       used 33670K, capacity 35390K, committed 35496K, reserved 1079296K
  class space    used 4466K, capacity 4820K, committed 4864K, reserved 1048576K
}
Event: 7.106 GC heap before
{Heap before GC invocations=12 (full 2):
 PSYoungGen      total 175616K, used 6324K [0x00000000eb600000, 0x00000000f7700000, 0x0000000100000000)
  eden space 165376K, 0% used [0x00000000eb600000,0x00000000eb600000,0x00000000f5780000)
  from space 10240K, 61% used [0x00000000f6180000,0x00000000f67ad218,0x00000000f6b80000)
  to   space 10240K, 0% used [0x00000000f5780000,0x00000000f5780000,0x00000000f6180000)
 ParOldGen       total 30720K, used 15537K [0x00000000c2200000, 0x00000000c4000000, 0x00000000eb600000)
  object space 30720K, 50% used [0x00000000c2200000,0x00000000c312c5a8,0x00000000c4000000)
 Metaspace       used 33670K, capacity 35390K, committed 35496K, reserved 1079296K
  class space    used 4466K, capacity 4820K, committed 4864K, reserved 1048576K
Event: 7.180 GC heap after
Heap after GC invocations=12 (full 2):
 PSYoungGen      total 175616K, used 0K [0x00000000eb600000, 0x00000000f7700000, 0x0000000100000000)
  eden space 165376K, 0% used [0x00000000eb600000,0x00000000eb600000,0x00000000f5780000)
  from space 10240K, 0% used [0x00000000f6180000,0x00000000f6180000,0x00000000f6b80000)
  to   space 10240K, 0% used [0x00000000f5780000,0x00000000f5780000,0x00000000f6180000)
 ParOldGen       total 30720K, used 13491K [0x00000000c2200000, 0x00000000c4000000, 0x00000000eb600000)
  object space 30720K, 43% used [0x00000000c2200000,0x00000000c2f2cc90,0x00000000c4000000)
 Metaspace       used 33670K, capacity 35390K, committed 35496K, reserved 1079296K
  class space    used 4466K, capacity 4820K, committed 4864K, reserved 1048576K
}

Deoptimization events (0 events):
No events

Internal exceptions (10 events):
Event: 7.726 Thread 0x0000000017338000 Exception <a 'java/lang/ArrayIndexOutOfBoundsException'> (0x00000000eed9c420) thrown at [C:\re\workspace\8-2-build-windows-amd64-cygwin\jdk8u121\8372\hotspot\src\share\vm\runtime\sharedRuntime.cpp, line 605]
Event: 7.726 Thread 0x0000000017338000 Exception <a 'java/lang/ClassNotFoundException': org/springframework/data/convert/EntityReaderCustomizer> (0x00000000eedb55c8) thrown at [C:\re\workspace\8-2-build-windows-amd64-cygwin\jdk8u121\8372\hotspot\src\share\vm\classfile\systemDictionary.cpp, lin
Event: 7.727 Thread 0x0000000017338000 Exception <a 'java/lang/ArrayIndexOutOfBoundsException'> (0x00000000eedb6568) thrown at [C:\re\workspace\8-2-build-windows-amd64-cygwin\jdk8u121\8372\hotspot\src\share\vm\runtime\sharedRuntime.cpp, line 605]
Event: 7.727 Thread 0x0000000017338000 Exception <a 'java/lang/ClassNotFoundException': org/springframework/data/convert/EntityWriterCustomizer> (0x00000000eedcd7f0) thrown at [C:\re\workspace\8-2-build-windows-amd64-cygwin\jdk8u121\8372\hotspot\src\share\vm\classfile\systemDictionary.cpp, lin
Event: 7.727 Thread 0x0000000017338000 Exception <a 'java/lang/ArrayIndexOutOfBoundsException'> (0x00000000eedce338) thrown at [C:\re\workspace\8-2-build-windows-amd64-cygwin\jdk8u121\8372\hotspot\src\share\vm\runtime\sharedRuntime.cpp, line 605]
Event: 7.728 Thread 0x0000000017338000 Exception <a 'java/lang/ClassNotFoundException': org/springframework/beans/factory/InitializingBeanCustomizer> (0x00000000eede6ab8) thrown at [C:\re\workspace\8-2-build-windows-amd64-cygwin\jdk8u121\8372\hotspot\src\share\vm\classfile\systemDictionary.cpp
Event: 7.732 Thread 0x0000000017338000 Exception <a 'java/lang/ArrayIndexOutOfBoundsException'> (0x00000000eee5a520) thrown at [C:\re\workspace\8-2-build-windows-amd64-cygwin\jdk8u121\8372\hotspot\src\share\vm\runtime\sharedRuntime.cpp, line 605]
Event: 7.735 Thread 0x0000000017338000 Exception <a 'java/lang/ArrayIndexOutOfBoundsException'> (0x00000000eeea8618) thrown at [C:\re\workspace\8-2-build-windows-amd64-cygwin\jdk8u121\8372\hotspot\src\share\vm\runtime\sharedRuntime.cpp, line 605]
Event: 7.735 Thread 0x0000000017338000 Exception <a 'java/lang/ArrayIndexOutOfBoundsException'> (0x00000000eeeb08e0) thrown at [C:\re\workspace\8-2-build-windows-amd64-cygwin\jdk8u121\8372\hotspot\src\share\vm\runtime\sharedRuntime.cpp, line 605]
Event: 7.736 Thread 0x0000000017338000 Exception <a 'java/lang/ArrayIndexOutOfBoundsException'> (0x00000000eeeb7788) thrown at [C:\re\workspace\8-2-build-windows-amd64-cygwin\jdk8u121\8372\hotspot\src\share\vm\runtime\sharedRuntime.cpp, line 605]

Events (10 events):
Event: 7.737 loading class org/springframework/data/keyvalue/core/CriteriaAccessor
Event: 7.737 loading class org/springframework/data/keyvalue/core/CriteriaAccessor done
Event: 7.738 loading class org/springframework/data/redis/listener/RedisMessageListenerContainer
Event: 7.738 loading class org/springframework/data/redis/listener/RedisMessageListenerContainer done
Event: 7.740 loading class org/springframework/context/SmartLifecycle
Event: 7.740 loading class org/springframework/context/SmartLifecycle done
Event: 7.740 loading class org/springframework/context/Phased
Event: 7.740 loading class org/springframework/context/Phased done
Event: 7.741 loading class org/springframework/data/redis/listener/RedisMessageListenerContainer$SubscriptionTask
Event: 7.741 loading class org/springframework/data/redis/listener/RedisMessageListenerContainer$SubscriptionTask done


Dynamic libraries:
0x00007ff6d96c0000 - 0x00007ff6d96f7000 	C:\Program Files\Java\jdk1.8.0_121\bin\java.exe
0x00007ffdd7060000 - 0x00007ffdd724d000 	C:\Windows\SYSTEM32\ntdll.dll
0x00007ffdd4b10000 - 0x00007ffdd4bc3000 	C:\Windows\System32\KERNEL32.DLL
0x00007ffdd3ac0000 - 0x00007ffdd3d53000 	C:\Windows\System32\KERNELBASE.dll
0x00007ffdd6640000 - 0x00007ffdd66e3000 	C:\Windows\System32\ADVAPI32.DLL
0x00007ffdd6cc0000 - 0x00007ffdd6d5e000 	C:\Windows\System32\msvcrt.dll
0x00007ffdd6a40000 - 0x00007ffdd6ade000 	C:\Windows\System32\sechost.dll
0x00007ffdd6d90000 - 0x00007ffdd6eb3000 	C:\Windows\System32\RPCRT4.dll
0x00007ffdd4950000 - 0x00007ffdd4ae7000 	C:\Windows\System32\USER32.dll
0x00007ffdd4170000 - 0x00007ffdd4190000 	C:\Windows\System32\win32u.dll
0x00007ffdd4290000 - 0x00007ffdd42b9000 	C:\Windows\System32\GDI32.dll
0x00007ffdd3df0000 - 0x00007ffdd3f8a000 	C:\Windows\System32\gdi32full.dll
0x00007ffdd3a20000 - 0x00007ffdd3ac0000 	C:\Windows\System32\msvcp_win.dll
0x00007ffdd3150000 - 0x00007ffdd324c000 	C:\Windows\System32\ucrtbase.dll
0x00007ffdc2430000 - 0x00007ffdc26a9000 	C:\Windows\WinSxS\amd64_microsoft.windows.common-controls_6595b64144ccf1df_6.0.17763.107_none_05b63884071e656e\COMCTL32.dll
0x00007ffdd66f0000 - 0x00007ffdd6a1e000 	C:\Windows\System32\combase.dll
0x00007ffdd3250000 - 0x00007ffdd32ce000 	C:\Windows\System32\bcryptPrimitives.dll
0x00007ffdd6d60000 - 0x00007ffdd6d8e000 	C:\Windows\System32\IMM32.DLL
0x000000006bb20000 - 0x000000006bbf2000 	C:\Program Files\Java\jdk1.8.0_121\jre\bin\msvcr100.dll
0x000000006b280000 - 0x000000006bb1b000 	C:\Program Files\Java\jdk1.8.0_121\jre\bin\server\jvm.dll
0x00007ffdd4b00000 - 0x00007ffdd4b08000 	C:\Windows\System32\PSAPI.DLL
0x00007ffdc9980000 - 0x00007ffdc998a000 	C:\Windows\SYSTEM32\VERSION.dll
0x00007ffdd1c60000 - 0x00007ffdd1c69000 	C:\Windows\SYSTEM32\WSOCK32.dll
0x00007ffdd0670000 - 0x00007ffdd0694000 	C:\Windows\SYSTEM32\WINMM.dll
0x00007ffdd5070000 - 0x00007ffdd50dd000 	C:\Windows\System32\WS2_32.dll
0x00007ffdd0640000 - 0x00007ffdd066d000 	C:\Windows\SYSTEM32\WINMMBASE.dll
0x00007ffdd4190000 - 0x00007ffdd41da000 	C:\Windows\System32\cfgmgr32.dll
0x000000006bd00000 - 0x000000006bd0f000 	C:\Program Files\Java\jdk1.8.0_121\jre\bin\verify.dll
0x000000006b250000 - 0x000000006b279000 	C:\Program Files\Java\jdk1.8.0_121\jre\bin\java.dll
0x000000006b220000 - 0x000000006b243000 	C:\Program Files\Java\jdk1.8.0_121\jre\bin\instrument.dll
0x000000006bce0000 - 0x000000006bcf6000 	C:\Program Files\Java\jdk1.8.0_121\jre\bin\zip.dll
0x00007ffdd50e0000 - 0x00007ffdd65cf000 	C:\Windows\System32\SHELL32.dll
0x00007ffdd4d20000 - 0x00007ffdd4dc8000 	C:\Windows\System32\shcore.dll
0x00007ffdd32d0000 - 0x00007ffdd3a18000 	C:\Windows\System32\windows.storage.dll
0x00007ffdd30c0000 - 0x00007ffdd30e4000 	C:\Windows\System32\profapi.dll
0x00007ffdd3060000 - 0x00007ffdd30bd000 	C:\Windows\System32\powrprof.dll
0x00007ffdd4dd0000 - 0x00007ffdd4e22000 	C:\Windows\System32\shlwapi.dll
0x00007ffdd30f0000 - 0x00007ffdd3101000 	C:\Windows\System32\kernel.appcore.dll
0x00007ffdd3130000 - 0x00007ffdd3147000 	C:\Windows\System32\cryptsp.dll
0x00007ffdce340000 - 0x00007ffdce35a000 	D:\IntelliJ IDEA 2017.2.5\bin\breakgen64.dll
0x000000006b200000 - 0x000000006b21a000 	C:\Program Files\Java\jdk1.8.0_121\jre\bin\net.dll
0x00007ffdd28f0000 - 0x00007ffdd2957000 	C:\Windows\system32\mswsock.dll
0x000000006b1f0000 - 0x000000006b1fd000 	C:\Program Files\Java\jdk1.8.0_121\jre\bin\management.dll
0x000000006b1d0000 - 0x000000006b1e1000 	C:\Program Files\Java\jdk1.8.0_121\jre\bin\nio.dll
0x00007ffdbc3f0000 - 0x00007ffdbc406000 	C:\Windows\system32\napinsp.dll
0x00007ffdbc3d0000 - 0x00007ffdbc3ea000 	C:\Windows\system32\pnrpnsp.dll
0x00007ffdd2690000 - 0x00007ffdd2756000 	C:\Windows\SYSTEM32\DNSAPI.dll
0x00007ffdd4af0000 - 0x00007ffdd4af8000 	C:\Windows\System32\NSI.dll
0x00007ffdd2650000 - 0x00007ffdd268d000 	C:\Windows\SYSTEM32\IPHLPAPI.DLL
0x00007ffdbc3c0000 - 0x00007ffdbc3ce000 	C:\Windows\System32\winrnr.dll
0x00007ffdd0580000 - 0x00007ffdd059b000 	C:\Windows\system32\NLAapi.dll
0x00007ffdc8170000 - 0x00007ffdc8185000 	C:\Windows\system32\wshbth.dll
0x00007ffdc5bc0000 - 0x00007ffdc5bca000 	C:\Windows\System32\rasadhlp.dll
0x00007ffdc7570000 - 0x00007ffdc75e9000 	C:\Windows\System32\fwpuclnt.dll
0x00007ffdd3d60000 - 0x00007ffdd3d86000 	C:\Windows\System32\bcrypt.dll
0x00007ffdd24b0000 - 0x00007ffdd24e3000 	C:\Windows\system32\rsaenh.dll
0x00007ffdd2f90000 - 0x00007ffdd2fb8000 	C:\Windows\SYSTEM32\USERENV.dll
0x00007ffdd2ac0000 - 0x00007ffdd2acc000 	C:\Windows\SYSTEM32\CRYPTBASE.dll
0x00007ffdc77d0000 - 0x00007ffdc77e6000 	C:\Windows\SYSTEM32\dhcpcsvc6.DLL
0x00007ffdc77b0000 - 0x00007ffdc77cc000 	C:\Windows\SYSTEM32\dhcpcsvc.DLL

VM Arguments:
jvm_args: -XX:TieredStopAtLevel=1 -Xverify:none -Dspring.output.ansi.enabled=always -Dcom.sun.management.jmxremote -Dcom.sun.management.jmxremote.port=56790 -Dcom.sun.management.jmxremote.authenticate=false -Dcom.sun.management.jmxremote.ssl=false -Dspring.liveBeansView.mbeanDomain -Dspring.application.admin.enabled=true -javaagent:D:\IntelliJ IDEA 2017.2.5\lib\idea_rt.jar=56791:D:\IntelliJ IDEA 2017.2.5\bin -Dfile.encoding=UTF-8 
java_command: com.example.redis.RedisLockApplication
java_class_path (initial): C:\Program Files\Java\jdk1.8.0_121\jre\lib\charsets.jar;C:\Program Files\Java\jdk1.8.0_121\jre\lib\deploy.jar;C:\Program Files\Java\jdk1.8.0_121\jre\lib\ext\access-bridge-64.jar;C:\Program Files\Java\jdk1.8.0_121\jre\lib\ext\cldrdata.jar;C:\Program Files\Java\jdk1.8.0_121\jre\lib\ext\dnsns.jar;C:\Program Files\Java\jdk1.8.0_121\jre\lib\ext\jaccess.jar;C:\Program Files\Java\jdk1.8.0_121\jre\lib\ext\jfxrt.jar;C:\Program Files\Java\jdk1.8.0_121\jre\lib\ext\localedata.jar;C:\Program Files\Java\jdk1.8.0_121\jre\lib\ext\nashorn.jar;C:\Program Files\Java\jdk1.8.0_121\jre\lib\ext\sunec.jar;C:\Program Files\Java\jdk1.8.0_121\jre\lib\ext\sunjce_provider.jar;C:\Program Files\Java\jdk1.8.0_121\jre\lib\ext\sunmscapi.jar;C:\Program Files\Java\jdk1.8.0_121\jre\lib\ext\sunpkcs11.jar;C:\Program Files\Java\jdk1.8.0_121\jre\lib\ext\zipfs.jar;C:\Program Files\Java\jdk1.8.0_121\jre\lib\javaws.jar;C:\Program Files\Java\jdk1.8.0_121\jre\lib\jce.jar;C:\Program Files\Java\jdk1.8.0_121\jre\lib\jfr.jar;C:\Program Files\Java\jdk1.8.0_121\jre\lib\jfxswt.jar;C:\Program Files\Java\jdk1.8.0_121\jre\lib\jsse.jar;C:\Program Files\Java\jdk1.8.0_121\jre\lib\management-agent.jar;C:\Program Files\Java\jdk1.8.0_121\jre\lib\plugin.jar;C:\Program Files\Java\jdk1.8.0_121\jre\lib\resources.jar;C:\Program Files\Java\jdk1.8.0_121\jre\lib\rt.jar;E:\idea\studyshiro\redis-lock\target\classes;C:\Users\Administrator\.m2\repository\org\springframework\boot\spring-boot-starter-web\2.2.1.RELEASE\spring-boot-starter-web-2.2.1.RELEASE.jar;C:\Users\Administrator\.m2\repository\org\springframework\boot\spring-boot-starter\2.2.1.RELEASE\spring-boot-starter-2.2.1.RELEASE.jar;C:\Users\Administrator\.m2\repository\org\springframework\boot\spring-boot-starter-logging\2.2.1.RELEASE\spring-boot-starter-logging-2.2.1.RELEASE.jar;C:\Users\Administrator\.m2\repository\ch\qos\logback\logback-classic\1.2.3\logback-classic-1.2.3.jar;C:\Users\Administrator\.m2\repository\ch\qos\logback\logback-core\1.2.3\lo
Launcher Type: SUN_STANDARD

Environment Variables:
JAVA_HOME=C:\Program Files\Java\jdk1.8.0_121
CLASSPATH=.;C:\Program Files\Java\jdk1.8.0_121\lib
PATH=F:\redis\Ruby22-x64\bin;E:\app\Administrator\product\11.2.0\dbhome_1\bin;C:\ProgramData\Oracle\Java\javapath;C:\Windows\system32;C:\Windows;C:\Windows\System32\Wbem;C:\Windows\System32\WindowsPowerShell\v1.0\;C:\Windows\System32\OpenSSH\;C:\Program Files\Java\jdk1.8.0_121\bin;D:\nodejs\;D:\mysql-8.0.17-winx64\bin;D:\rabbitMq\erl-23.0\bin;D:\apache-maven-3.6.3\bin;C:\Users\Administrator\AppData\Local\Programs\Python\Python38\Scripts\;C:\Users\Administrator\AppData\Local\Programs\Python\Python38\;C:\Users\Administrator\AppData\Local\Microsoft\WindowsApps;C:\Users\Administrator\AppData\Roaming\npm;D:\Microsoft VS Code\bin
USERNAME=Administrator
OS=Windows_NT
PROCESSOR_IDENTIFIER=Intel64 Family 6 Model 78 Stepping 3, GenuineIntel



---------------  S Y S T E M  ---------------

OS: Windows 10.0 , 64 bit Build 17763 (10.0.17763.1)

CPU:total 4 (2 cores per cpu, 2 threads per core) family 6 model 78 stepping 3, cmov, cx8, fxsr, mmx, sse, sse2, sse3, ssse3, sse4.1, sse4.2, popcnt, avx, avx2, aes, clmul, erms, 3dnowpref, lzcnt, ht, tsc, tscinvbit, bmi1, bmi2, adx

Memory: 4k page, physical 4052092k(216100k free), swap 14183548k(3384k free)

vm_info: Java HotSpot(TM) 64-Bit Server VM (25.121-b13) for windows-amd64 JRE (1.8.0_121-b13), built on Dec 12 2016 18:21:36 by "java_re" with MS VC++ 10.0 (VS2010)

time: Sun Sep 20 20:40:50 2020
elapsed time: 7 seconds (0d 0h 0m 7s)

